<?xml version="1.0" encoding="UTF-8"?>
<!-- Generated by org.testng.reporters.JUnitReportReporter -->
<testsuite skipped="0" hostname="DESKTOP-QR4NIPM" name="com.qa.tests.AccountPageTest" tests="4" failures="0" timestamp="20 Mar 2021 23:53:01 GMT" time="29.178" errors="0">
  <testcase name="verifyAccountPageHeaderTextTest" time="5.359" classname="com.qa.tests.AccountPageTest"/>
  <testcase name="searchProductTest" time="11.360" classname="com.qa.tests.AccountPageTest"/>
  <testcase name="verifyPageTitleTest" time="7.084" classname="com.qa.tests.AccountPageTest"/>
  <testcase name="verifyAccountSectionListTest" time="5.375" classname="com.qa.tests.AccountPageTest"/>
</testsuite> <!-- com.qa.tests.AccountPageTest -->
