<?xml version="1.0" encoding="UTF-8"?>
<!-- Generated by org.testng.reporters.JUnitReportReporter -->
<testsuite skipped="0" hostname="DESKTOP-QR4NIPM" name="com.qa.tests.LoginPageTest" tests="3" failures="0" timestamp="14 Mar 2021 01:21:31 GMT" time="16.033" errors="0">
  <testcase name="verifyLoginPageTitleTest" time="4.238" classname="com.qa.tests.LoginPageTest"/>
  <testcase name="verifyForgotLinkDisplaytest" time="6.097" classname="com.qa.tests.LoginPageTest"/>
  <testcase name="loginTest" time="5.698" classname="com.qa.tests.LoginPageTest"/>
</testsuite> <!-- com.qa.tests.LoginPageTest -->
